2024-07-10T15:46:50.801+05:30  INFO 11208 --- [cashRish] [main] com.cashrish.Application                 : Starting Application using Java 21.0.3 with PID 11208 (D:\Mira\Project\CashRichTaskNew\CashRichTask\target\classes started by hp in D:\Mira\Project\CashRichTaskNew\CashRichTask)
2024-07-10T15:46:50.810+05:30  INFO 11208 --- [cashRish] [main] com.cashrish.Application                 : No active profile set, falling back to 1 default profile: "default"
2024-07-10T15:46:52.772+05:30  INFO 11208 --- [cashRish] [main] .s.d.r.c.RepositoryConfigurationDelegate : Multiple Spring Data modules found, entering strict repository configuration mode
2024-07-10T15:46:52.776+05:30  INFO 11208 --- [cashRish] [main] .s.d.r.c.RepositoryConfigurationDelegate : Bootstrapping Spring Data JDBC repositories in DEFAULT mode.
2024-07-10T15:46:52.867+05:30  INFO 11208 --- [cashRish] [main] .RepositoryConfigurationExtensionSupport : Spring Data JDBC - Could not safely identify store assignment for repository candidate interface com.cashrish.Repository.CoinDataRepository; If you want this repository to be a JDBC repository, consider annotating your entities with one of these annotations: org.springframework.data.relational.core.mapping.Table.
2024-07-10T15:46:52.871+05:30  INFO 11208 --- [cashRish] [main] .RepositoryConfigurationExtensionSupport : Spring Data JDBC - Could not safely identify store assignment for repository candidate interface com.cashrish.Repository.UserRepository; If you want this repository to be a JDBC repository, consider annotating your entities with one of these annotations: org.springframework.data.relational.core.mapping.Table.
2024-07-10T15:46:52.873+05:30  INFO 11208 --- [cashRish] [main] .s.d.r.c.RepositoryConfigurationDelegate : Finished Spring Data repository scanning in 84 ms. Found 0 JDBC repository interfaces.
2024-07-10T15:46:52.909+05:30  INFO 11208 --- [cashRish] [main] .s.d.r.c.RepositoryConfigurationDelegate : Multiple Spring Data modules found, entering strict repository configuration mode
2024-07-10T15:46:52.911+05:30  INFO 11208 --- [cashRish] [main] .s.d.r.c.RepositoryConfigurationDelegate : Bootstrapping Spring Data JPA repositories in DEFAULT mode.
2024-07-10T15:46:53.289+05:30  INFO 11208 --- [cashRish] [main] .s.d.r.c.RepositoryConfigurationDelegate : Finished Spring Data repository scanning in 366 ms. Found 2 JPA repository interfaces.
2024-07-10T15:46:53.643+05:30  INFO 11208 --- [cashRish] [main] faultConfiguringBeanFactoryPostProcessor : No bean named 'errorChannel' has been explicitly defined. Therefore, a default PublishSubscribeChannel will be created.
2024-07-10T15:46:53.670+05:30  INFO 11208 --- [cashRish] [main] faultConfiguringBeanFactoryPostProcessor : No bean named 'integrationHeaderChannelRegistry' has been explicitly defined. Therefore, a default DefaultHeaderChannelRegistry will be created.
2024-07-10T15:46:54.844+05:30  INFO 11208 --- [cashRish] [main] o.s.b.w.embedded.tomcat.TomcatWebServer  : Tomcat initialized with port 8088 (http)
2024-07-10T15:46:54.877+05:30  INFO 11208 --- [cashRish] [main] o.apache.catalina.core.StandardService   : Starting service [Tomcat]
2024-07-10T15:46:54.878+05:30  INFO 11208 --- [cashRish] [main] o.apache.catalina.core.StandardEngine    : Starting Servlet engine: [Apache Tomcat/10.1.25]
2024-07-10T15:46:55.421+05:30  INFO 11208 --- [cashRish] [main] org.apache.jasper.servlet.TldScanner     : At least one JAR was scanned for TLDs yet contained no TLDs. Enable debug logging for this logger for a complete list of JARs that were scanned but no TLDs were found in them. Skipping unneeded JARs during scanning can improve startup time and JSP compilation time.
2024-07-10T15:46:55.441+05:30  INFO 11208 --- [cashRish] [main] o.a.c.c.C.[Tomcat].[localhost].[/]       : Initializing Spring embedded WebApplicationContext
2024-07-10T15:46:55.442+05:30  INFO 11208 --- [cashRish] [main] w.s.c.ServletWebServerApplicationContext : Root WebApplicationContext: initialization completed in 4441 ms
2024-07-10T15:46:55.816+05:30  INFO 11208 --- [cashRish] [main] com.zaxxer.hikari.HikariDataSource       : HikariPool-1 - Starting...
2024-07-10T15:46:56.661+05:30  INFO 11208 --- [cashRish] [main] com.zaxxer.hikari.pool.HikariPool        : HikariPool-1 - Added connection com.mysql.cj.jdbc.ConnectionImpl@50de907a
2024-07-10T15:46:56.667+05:30  INFO 11208 --- [cashRish] [main] com.zaxxer.hikari.HikariDataSource       : HikariPool-1 - Start completed.
2024-07-10T15:46:56.974+05:30  INFO 11208 --- [cashRish] [main] o.hibernate.jpa.internal.util.LogHelper  : HHH000204: Processing PersistenceUnitInfo [name: default]
2024-07-10T15:46:57.222+05:30  INFO 11208 --- [cashRish] [main] org.hibernate.Version                    : HHH000412: Hibernate ORM core version 6.5.2.Final
2024-07-10T15:46:57.355+05:30  INFO 11208 --- [cashRish] [main] o.h.c.internal.RegionFactoryInitiator    : HHH000026: Second-level cache disabled
2024-07-10T15:46:58.205+05:30  INFO 11208 --- [cashRish] [main] o.s.o.j.p.SpringPersistenceUnitInfo      : No LoadTimeWeaver setup: ignoring JPA class transformer
2024-07-10T15:47:00.456+05:30  INFO 11208 --- [cashRish] [main] o.h.e.t.j.p.i.JtaPlatformInitiator       : HHH000489: No JTA platform available (set 'hibernate.transaction.jta.platform' to enable JTA platform integration)
2024-07-10T15:47:00.585+05:30  INFO 11208 --- [cashRish] [main] j.LocalContainerEntityManagerFactoryBean : Initialized JPA EntityManagerFactory for persistence unit 'default'
2024-07-10T15:47:01.435+05:30  WARN 11208 --- [cashRish] [main] JpaBaseConfiguration$JpaWebConfiguration : spring.jpa.open-in-view is enabled by default. Therefore, database queries may be performed during view rendering. Explicitly configure spring.jpa.open-in-view to disable this warning
2024-07-10T15:47:02.676+05:30  WARN 11208 --- [cashRish] [main] .s.s.UserDetailsServiceAutoConfiguration : 

Using generated security password: 5e44129f-e9a7-4e89-bd22-57f9b9402d5a

This generated password is for development use only. Your security configuration must be updated before running your application in production.

2024-07-10T15:47:02.718+05:30  INFO 11208 --- [cashRish] [main] r$InitializeUserDetailsManagerConfigurer : Global AuthenticationManager configured with UserDetailsService bean with name inMemoryUserDetailsManager
2024-07-10T15:47:03.669+05:30  INFO 11208 --- [cashRish] [main] o.s.i.endpoint.EventDrivenConsumer       : Adding {logging-channel-adapter:_org.springframework.integration.errorLogger} as a subscriber to the 'errorChannel' channel
2024-07-10T15:47:03.670+05:30  INFO 11208 --- [cashRish] [main] o.s.i.channel.PublishSubscribeChannel    : Channel 'cashRish.errorChannel' has 1 subscriber(s).
2024-07-10T15:47:03.673+05:30  INFO 11208 --- [cashRish] [main] o.s.i.endpoint.EventDrivenConsumer       : started bean '_org.springframework.integration.errorLogger'
2024-07-10T15:47:03.751+05:30  INFO 11208 --- [cashRish] [main] o.s.b.w.embedded.tomcat.TomcatWebServer  : Tomcat started on port 8088 (http) with context path '/'
2024-07-10T15:47:03.779+05:30  INFO 11208 --- [cashRish] [main] com.cashrish.Application                 : Started Application in 14.01 seconds (process running for 15.861)
2024-07-10T15:47:19.568+05:30  INFO 11208 --- [cashRish] [http-nio-8088-exec-1] o.a.c.c.C.[Tomcat].[localhost].[/]       : Initializing Spring DispatcherServlet 'dispatcherServlet'
2024-07-10T15:47:19.569+05:30  INFO 11208 --- [cashRish] [http-nio-8088-exec-1] o.s.web.servlet.DispatcherServlet        : Initializing Servlet 'dispatcherServlet'
2024-07-10T15:47:19.575+05:30  INFO 11208 --- [cashRish] [http-nio-8088-exec-1] o.s.web.servlet.DispatcherServlet        : Completed initialization in 6 ms
2024-07-10T15:47:53.355+05:30  INFO 11208 --- [cashRish] [RMI TCP Connection(3)-127.0.0.1] inMXBeanRegistrar$SpringApplicationAdmin : Application shutdown requested.
2024-07-10T15:47:53.383+05:30  INFO 11208 --- [cashRish] [RMI TCP Connection(3)-127.0.0.1] o.s.i.endpoint.EventDrivenConsumer       : Removing {logging-channel-adapter:_org.springframework.integration.errorLogger} as a subscriber to the 'errorChannel' channel
2024-07-10T15:47:53.384+05:30  INFO 11208 --- [cashRish] [RMI TCP Connection(3)-127.0.0.1] o.s.i.channel.PublishSubscribeChannel    : Channel 'cashRish.errorChannel' has 0 subscriber(s).
2024-07-10T15:47:53.385+05:30  INFO 11208 --- [cashRish] [RMI TCP Connection(3)-127.0.0.1] o.s.i.endpoint.EventDrivenConsumer       : stopped bean '_org.springframework.integration.errorLogger'
2024-07-10T15:47:53.396+05:30  INFO 11208 --- [cashRish] [RMI TCP Connection(3)-127.0.0.1] j.LocalContainerEntityManagerFactoryBean : Closing JPA EntityManagerFactory for persistence unit 'default'
2024-07-10T15:47:53.402+05:30  INFO 11208 --- [cashRish] [RMI TCP Connection(3)-127.0.0.1] com.zaxxer.hikari.HikariDataSource       : HikariPool-1 - Shutdown initiated...
2024-07-10T15:47:53.463+05:30  INFO 11208 --- [cashRish] [RMI TCP Connection(3)-127.0.0.1] com.zaxxer.hikari.HikariDataSource       : HikariPool-1 - Shutdown completed.
